<?xml version="1.0" encoding="UTF-8"?>
<!-- Generated by org.testng.reporters.JUnitXMLReporter -->
<testsuite hostname="MEENAKSHI-PC" name="ChormeTest" tests="1" failures="0" timestamp="24 Nov 2015 22:45:38 GMT" time="0.013" errors="0">
  <testcase name="@BeforeTest launchapp" time="0.0" classname="com.TestNG.TestNGClass">
    <failure type="java.lang.IllegalStateException" message="The driver executable is a directory: C:\Selenium\chromedriver_win_17.0.963.0">
      <![CDATA[java.lang.IllegalStateException: The driver executable is a directory: C:\Selenium\chromedriver_win_17.0.963.0
	at com.google.common.base.Preconditions.checkState(Preconditions.java:197)
	at org.openqa.selenium.remote.service.DriverService.checkExecutable(DriverService.java:123)
	at org.openqa.selenium.remote.service.DriverService.findExecutable(DriverService.java:116)
	at org.openqa.selenium.chrome.ChromeDriverService.access$0(ChromeDriverService.java:1)
	at org.openqa.selenium.chrome.ChromeDriverService$Builder.findDefaultExecutable(ChromeDriverService.java:137)
	at org.openqa.selenium.remote.service.DriverService$Builder.build(DriverService.java:296)
	at org.openqa.selenium.chrome.ChromeDriverService.createDefaultService(ChromeDriverService.java:88)
	at org.openqa.selenium.chrome.ChromeDriver.<init>(ChromeDriver.java:116)
	at com.TestNG.TestNGClass.launchapp(TestNGClass.java:32)
... Removed 22 stack frames]]>
    </failure>
  </testcase> <!-- @BeforeTest launchapp -->
  <testcase name="@AfterTest closeBrowser" time="0.0" classname="com.TestNG.TestNGClass">
    <skipped/>
  </testcase> <!-- @AfterTest closeBrowser -->
  <testcase name="calculatepercent" time="0.001" classname="com.TestNG.TestNGClass">
    <skipped/>
  </testcase> <!-- calculatepercent -->
</testsuite> <!-- ChormeTest -->
