<!DOCTYPE html PUBLIC "-//W3C//DTD XHTML 1.1//EN" "http://www.w3.org/TR/xhtml11/DTD/xhtml11.dtd">
<html xmlns="http://www.w3.org/1999/xhtml"><head><title>TestNG Report</title><style type="text/css">table {margin-bottom:10px;border-collapse:collapse;empty-cells:show}th,td {border:1px solid #009;padding:.25em .5em}th {vertical-align:bottom}td {vertical-align:top}table a {font-weight:bold}.stripe td {background-color: #E6EBF9}.num {text-align:right}.passedodd td {background-color: #3F3}.passedeven td {background-color: #0A0}.skippedodd td {background-color: #DDD}.skippedeven td {background-color: #CCC}.failedodd td,.attn {background-color: #F33}.failedeven td,.stripe .attn {background-color: #D00}.stacktrace {white-space:pre;font-family:monospace}.totop {font-size:85%;text-align:center;border-bottom:2px solid #000}</style></head><body><table><tr><th>Test</th><th># Passed</th><th># Skipped</th><th># Failed</th><th>Time (ms)</th><th>Included Groups</th><th>Excluded Groups</th></tr><tr><th colspan="7">Suite</th></tr><tr><td><a href="#t0">FirefoxTest</a></td><td class="num">1</td><td class="num">0</td><td class="num">0</td><td class="num">7,595</td><td></td><td></td></tr><tr class="stripe"><td><a href="#t1">ChormeTest</a></td><td class="num">0</td><td class="num attn">1</td><td class="num">0</td><td class="num">13</td><td></td><td></td></tr><tr><td><a href="#t2">IETest</a></td><td class="num">0</td><td class="num attn">1</td><td class="num">0</td><td class="num">10</td><td></td><td></td></tr><tr><th>Total</th><th class="num">1</th><th class="num attn">2</th><th class="num">0</th><th class="num">7,618</th><th colspan="2"></th></tr></table><table><thead><tr><th>Class</th><th>Method</th><th>Start</th><th>Time (ms)</th></tr></thead><tbody><tr><th colspan="4">Suite</th></tr></tbody><tbody id="t0"><tr><th colspan="4">FirefoxTest &#8212; passed</th></tr><tr class="passedeven"><td rowspan="1">com.TestNG.TestNGClass</td><td><a href="#m0">calculatepercent</a></td><td rowspan="1">1448405135518</td><td rowspan="1">2603</td></tr></tbody><tbody id="t1"><tr><th colspan="4">ChormeTest &#8212; failed (configuration methods)</th></tr><tr class="failedeven"><td rowspan="1">com.TestNG.TestNGClass</td><td><a href="#m1">launchapp</a></td><td rowspan="1">1448405138261</td><td rowspan="1">0</td></tr><tr><th colspan="4">ChormeTest &#8212; skipped (configuration methods)</th></tr><tr class="skippedeven"><td rowspan="1">com.TestNG.TestNGClass</td><td><a href="#m2">closeBrowser</a></td><td rowspan="1">1448405138273</td><td rowspan="1">0</td></tr><tr><th colspan="4">ChormeTest &#8212; skipped</th></tr><tr class="skippedeven"><td rowspan="1">com.TestNG.TestNGClass</td><td><a href="#m3">calculatepercent</a></td><td rowspan="1">1448405138272</td><td rowspan="1">1</td></tr></tbody><tbody id="t2"><tr><th colspan="4">IETest &#8212; failed (configuration methods)</th></tr><tr class="failedeven"><td rowspan="1">com.TestNG.TestNGClass</td><td><a href="#m4">launchapp</a></td><td rowspan="1">1448405138283</td><td rowspan="1">0</td></tr><tr><th colspan="4">IETest &#8212; skipped (configuration methods)</th></tr><tr class="skippedeven"><td rowspan="1">com.TestNG.TestNGClass</td><td><a href="#m5">closeBrowser</a></td><td rowspan="1">1448405138291</td><td rowspan="1">0</td></tr><tr><th colspan="4">IETest &#8212; skipped</th></tr><tr class="skippedeven"><td rowspan="1">com.TestNG.TestNGClass</td><td><a href="#m6">calculatepercent</a></td><td rowspan="1">1448405138290</td><td rowspan="1">0</td></tr></tbody></table><h2>FirefoxTest</h2><h3 id="m0">com.TestNG.TestNGClass#calculatepercent</h3><table class="result"></table><p class="totop"><a href="#summary">back to summary</a></p><h2>ChormeTest</h2><h3 id="m1">com.TestNG.TestNGClass#launchapp</h3><table class="result"><tr class="param"><th>Parameter #1</th></tr><tr class="param stripe"><td>chrome</td></tr><tr><th>Exception</th></tr><tr><td><div class="stacktrace">java.lang.IllegalStateException: The driver executable is a directory: C:\Selenium\chromedriver_win_17.0.963.0
	at com.google.common.base.Preconditions.checkState(Preconditions.java:197)
	at org.openqa.selenium.remote.service.DriverService.checkExecutable(DriverService.java:123)
	at org.openqa.selenium.remote.service.DriverService.findExecutable(DriverService.java:116)
	at org.openqa.selenium.chrome.ChromeDriverService.access$0(ChromeDriverService.java:1)
	at org.openqa.selenium.chrome.ChromeDriverService$Builder.findDefaultExecutable(ChromeDriverService.java:137)
	at org.openqa.selenium.remote.service.DriverService$Builder.build(DriverService.java:296)
	at org.openqa.selenium.chrome.ChromeDriverService.createDefaultService(ChromeDriverService.java:88)
	at org.openqa.selenium.chrome.ChromeDriver.&lt;init&gt;(ChromeDriver.java:116)
	at com.TestNG.TestNGClass.launchapp(TestNGClass.java:32)
... Removed 22 stack frames</div></td></tr></table><p class="totop"><a href="#summary">back to summary</a></p><h3 id="m2">com.TestNG.TestNGClass#closeBrowser</h3><table class="result"></table><p class="totop"><a href="#summary">back to summary</a></p><h3 id="m3">com.TestNG.TestNGClass#calculatepercent</h3><table class="result"></table><p class="totop"><a href="#summary">back to summary</a></p><h2>IETest</h2><h3 id="m4">com.TestNG.TestNGClass#launchapp</h3><table class="result"><tr class="param"><th>Parameter #1</th></tr><tr class="param stripe"><td>ie</td></tr><tr><th>Exception</th></tr><tr><td><div class="stacktrace">java.lang.IllegalStateException: The driver executable is a directory: C:\Selenium\IEDriverServer_x64_2.48.0
	at com.google.common.base.Preconditions.checkState(Preconditions.java:197)
	at org.openqa.selenium.remote.service.DriverService.checkExecutable(DriverService.java:123)
	at org.openqa.selenium.remote.service.DriverService.findExecutable(DriverService.java:116)
	at org.openqa.selenium.ie.InternetExplorerDriverService.access$0(InternetExplorerDriverService.java:1)
	at org.openqa.selenium.ie.InternetExplorerDriverService$Builder.findDefaultExecutable(InternetExplorerDriverService.java:167)
	at org.openqa.selenium.remote.service.DriverService$Builder.build(DriverService.java:296)
	at org.openqa.selenium.ie.InternetExplorerDriver.setupService(InternetExplorerDriver.java:251)
	at org.openqa.selenium.ie.InternetExplorerDriver.&lt;init&gt;(InternetExplorerDriver.java:172)
	at org.openqa.selenium.ie.InternetExplorerDriver.&lt;init&gt;(InternetExplorerDriver.java:146)
	at com.TestNG.TestNGClass.launchapp(TestNGClass.java:41)
... Removed 22 stack frames</div></td></tr></table><p class="totop"><a href="#summary">back to summary</a></p><h3 id="m5">com.TestNG.TestNGClass#closeBrowser</h3><table class="result"></table><p class="totop"><a href="#summary">back to summary</a></p><h3 id="m6">com.TestNG.TestNGClass#calculatepercent</h3><table class="result"></table><p class="totop"><a href="#summary">back to summary</a></p></body></html>